  Compiling CUDA source file integrator.cu...
  
  C:\Users\Sondre\Documents\Progging\eyylaMO\eyylaMO>"C:\Program Files\NVIDIA GPU Computing Toolkit\CUDA\v10.1\bin\nvcc.exe" -gencode=arch=compute_61,code=\"sm_61,compute_61\" --use-local-env -ccbin "C:\Program Files (x86)\Microsoft Visual Studio\2017\Community\VC\Tools\MSVC\14.16.27023\bin\HostX86\x64" -x cu  -IC:\Users\Sondre\Documents\Progging\additional\GLAD\include -I"C:\Program Files\NVIDIA GPU Computing Toolkit\CUDA\v10.1\include" -I"C:\Program Files\NVIDIA GPU Computing Toolkit\CUDA\v10.1\include"     --keep-dir x64\Release -maxrregcount=0  --machine 64 --compile -cudart static     -DWIN32 -DWIN64 -DNDEBUG -D_CONSOLE -D_WINDLL -D_MBCS -Xcompiler "/EHsc /W3 /nologo /O2 /Fdx64\Release\vc141.pdb /FS /Zi  /MD " -o x64\Release\integrator.cu.obj "C:\Users\Sondre\Documents\Progging\eyylaMO\eyylaMO\integrator.cu" 
c:\users\sondre\documents\progging\eyylamo\eyylamo\integrator.h(108): warning : field of class type without a DLL interface used in a class with a DLL interface
c:\users\sondre\documents\progging\eyylamo\eyylamo\integrator.h(109): warning : field of class type without a DLL interface used in a class with a DLL interface
c:\users\sondre\documents\progging\eyylamo\eyylamo\integrator.h(108): warning : field of class type without a DLL interface used in a class with a DLL interface
c:\users\sondre\documents\progging\eyylamo\eyylamo\integrator.h(109): warning : field of class type without a DLL interface used in a class with a DLL interface
  integrator.cu
c:\users\sondre\documents\progging\eyylamo\eyylamo\integrator.h(23): warning C4305: 'initializing': truncation from 'double' to 'float'
c:\users\sondre\documents\progging\eyylamo\eyylamo\integrator.h(24): warning C4305: 'initializing': truncation from 'double' to 'float'
c:\users\sondre\documents\progging\eyylamo\eyylamo\integrator.h(26): warning C4244: 'initializing': conversion from 'double' to 'float', possible loss of data
c:\users\sondre\documents\progging\eyylamo\eyylamo\integrator.h(108): warning C4251: 'Integrator::dimBlock': struct 'dim3' needs to have dll-interface to be used by clients of class 'Integrator'
  c:\program files\nvidia gpu computing toolkit\cuda\v10.1\include\vector_types.h(430): note: see declaration of 'dim3'
c:\users\sondre\documents\progging\eyylamo\eyylamo\integrator.h(109): warning C4251: 'Integrator::dimGrid': struct 'dim3' needs to have dll-interface to be used by clients of class 'Integrator'
  c:\program files\nvidia gpu computing toolkit\cuda\v10.1\include\vector_types.h(430): note: see declaration of 'dim3'
c:\users\sondre\documents\progging\eyylamo\eyylamo\integrator.h(66): warning C4244: 'return': conversion from 'double' to 'float', possible loss of data
C:/Users/Sondre/Documents/Progging/eyylaMO/eyylaMO/integrator.cu(166): warning C4267: 'argument': conversion from 'size_t' to 'int', possible loss of data
C:/Users/Sondre/Documents/Progging/eyylaMO/eyylaMO/integrator.cu(222): warning C4267: 'argument': conversion from 'size_t' to 'unsigned int', possible loss of data
C:/Users/Sondre/Documents/Progging/eyylaMO/eyylaMO/integrator.cu(227): warning C4267: 'argument': conversion from 'size_t' to 'int', possible loss of data
C:/Users/Sondre/Documents/Progging/eyylaMO/eyylaMO/integrator.cu(189): warning C4996: 'cudaMemcpyToArray': was declared deprecated
  c:\program files\nvidia gpu computing toolkit\cuda\v10.1\include\cuda_runtime_api.h(6595): note: see declaration of 'cudaMemcpyToArray'
C:/Users/Sondre/Documents/Progging/eyylaMO/eyylaMO/integrator.cu(192): warning C4996: 'cudaMemcpyToArray': was declared deprecated
  c:\program files\nvidia gpu computing toolkit\cuda\v10.1\include\cuda_runtime_api.h(6595): note: see declaration of 'cudaMemcpyToArray'
C:/Users/Sondre/Documents/Progging/eyylaMO/eyylaMO/integrator.cu(195): warning C4996: 'cudaMemcpyToArray': was declared deprecated
  c:\program files\nvidia gpu computing toolkit\cuda\v10.1\include\cuda_runtime_api.h(6595): note: see declaration of 'cudaMemcpyToArray'
C:/Users/Sondre/Documents/Progging/eyylaMO/eyylaMO/integrator.cu(198): warning C4996: 'cudaBindSurfaceToArray': was declared deprecated
  C:\Program Files\NVIDIA GPU Computing Toolkit\CUDA\v10.1\include\cuda_runtime.h(2005): note: see declaration of 'cudaBindSurfaceToArray'
C:/Users/Sondre/Documents/Progging/eyylaMO/eyylaMO/integrator.cu(199): warning C4996: 'cudaBindSurfaceToArray': was declared deprecated
  C:\Program Files\NVIDIA GPU Computing Toolkit\CUDA\v10.1\include\cuda_runtime.h(2005): note: see declaration of 'cudaBindSurfaceToArray'
C:/Users/Sondre/Documents/Progging/eyylaMO/eyylaMO/integrator.cu(236): warning C4267: 'argument': conversion from 'size_t' to 'int', possible loss of data
C:/Users/Sondre/Documents/Progging/eyylaMO/eyylaMO/integrator.cu(237): warning C4267: 'argument': conversion from 'size_t' to 'int', possible loss of data
C:/Users/Sondre/Documents/Progging/eyylaMO/eyylaMO/integrator.cu(253): warning C4244: 'initializing': conversion from '_Rep' to 'double', possible loss of data
          with
          [
              _Rep=__int64
          ]
C:/Users/Sondre/Documents/Progging/eyylaMO/eyylaMO/integrator.cu(275): warning C4996: 'cudaMemcpyFromArray': was declared deprecated
  c:\program files\nvidia gpu computing toolkit\cuda\v10.1\include\cuda_runtime_api.h(6637): note: see declaration of 'cudaMemcpyFromArray'
C:/Users/Sondre/Documents/Progging/eyylaMO/eyylaMO/integrator.cu(276): warning C4996: 'cudaMemcpyFromArray': was declared deprecated
  c:\program files\nvidia gpu computing toolkit\cuda\v10.1\include\cuda_runtime_api.h(6637): note: see declaration of 'cudaMemcpyFromArray'
C:\Program Files\NVIDIA GPU Computing Toolkit\CUDA\v10.1\include\cuda_runtime.h(2013): warning C4996: 'cudaBindSurfaceToArray': was declared deprecated
  C:\Program Files\NVIDIA GPU Computing Toolkit\CUDA\v10.1\include\cuda_runtime.h(1974): note: see declaration of 'cudaBindSurfaceToArray'
  C:/Users/Sondre/Documents/Progging/eyylaMO/eyylaMO/integrator.cu(198): note: see reference to function template instantiation 'cudaError_t cudaBindSurfaceToArray<void,2>(const surface<void,2> &,cudaArray_const_t)' being compiled
     Creating library C:\Users\Sondre\Documents\Progging\eyylaMO\x64\Release\eyylaMO.lib and object C:\Users\Sondre\Documents\Progging\eyylaMO\x64\Release\eyylaMO.exp
  LINK : /LTCG specified but no code generation required; remove /LTCG from the link command line to improve linker performance
  eyylaMO.vcxproj -> C:\Users\Sondre\Documents\Progging\eyylaMO\x64\Release\eyylaMO.dll
          1 file(s) copied.
          1 file(s) copied.
          1 file(s) copied.
